{"D:\\Document\\Progamming\\Dicoding\\Back-End Developer Expert\\src\\FigureCalculator.js": {"path":"D:\\Document\\Progamming\\Dicoding\\Back-End Developer Expert\\src\\FigureCalculator.js","statementMap":{"0":{"start":{"line":3,"column":8},"end":{"line":3,"column":36}},"1":{"start":{"line":7,"column":8},"end":{"line":9,"column":9}},"2":{"start":{"line":8,"column":12},"end":{"line":8,"column":84}},"3":{"start":{"line":11,"column":8},"end":{"line":15,"column":11}},"4":{"start":{"line":12,"column":12},"end":{"line":14,"column":13}},"5":{"start":{"line":13,"column":16},"end":{"line":13,"column":74}},"6":{"start":{"line":17,"column":8},"end":{"line":17,"column":19}},"7":{"start":{"line":21,"column":32},"end":{"line":21,"column":57}},"8":{"start":{"line":23,"column":8},"end":{"line":23,"column":78}},"9":{"start":{"line":27,"column":32},"end":{"line":27,"column":57}},"10":{"start":{"line":29,"column":8},"end":{"line":29,"column":55}},"11":{"start":{"line":33,"column":37},"end":{"line":33,"column":62}},"12":{"start":{"line":35,"column":8},"end":{"line":35,"column":75}},"13":{"start":{"line":39,"column":31},"end":{"line":39,"column":56}},"14":{"start":{"line":41,"column":8},"end":{"line":41,"column":81}},"15":{"start":{"line":45,"column":0},"end":{"line":45,"column":34}}},"fnMap":{"0":{"name":"(anonymous_0)","decl":{"start":{"line":2,"column":4},"end":{"line":2,"column":5}},"loc":{"start":{"line":2,"column":27},"end":{"line":4,"column":5}},"line":2},"1":{"name":"(anonymous_1)","decl":{"start":{"line":6,"column":4},"end":{"line":6,"column":5}},"loc":{"start":{"line":6,"column":41},"end":{"line":18,"column":5}},"line":6},"2":{"name":"(anonymous_2)","decl":{"start":{"line":11,"column":21},"end":{"line":11,"column":22}},"loc":{"start":{"line":11,"column":30},"end":{"line":15,"column":9}},"line":11},"3":{"name":"(anonymous_3)","decl":{"start":{"line":20,"column":4},"end":{"line":20,"column":5}},"loc":{"start":{"line":20,"column":41},"end":{"line":24,"column":5}},"line":20},"4":{"name":"(anonymous_4)","decl":{"start":{"line":26,"column":4},"end":{"line":26,"column":5}},"loc":{"start":{"line":26,"column":36},"end":{"line":30,"column":5}},"line":26},"5":{"name":"(anonymous_5)","decl":{"start":{"line":32,"column":4},"end":{"line":32,"column":5}},"loc":{"start":{"line":32,"column":40},"end":{"line":36,"column":5}},"line":32},"6":{"name":"(anonymous_6)","decl":{"start":{"line":38,"column":4},"end":{"line":38,"column":5}},"loc":{"start":{"line":38,"column":35},"end":{"line":42,"column":5}},"line":38}},"branchMap":{"0":{"loc":{"start":{"line":7,"column":8},"end":{"line":9,"column":9}},"type":"if","locations":[{"start":{"line":7,"column":8},"end":{"line":9,"column":9}},{"start":{},"end":{}}],"line":7},"1":{"loc":{"start":{"line":12,"column":12},"end":{"line":14,"column":13}},"type":"if","locations":[{"start":{"line":12,"column":12},"end":{"line":14,"column":13}},{"start":{},"end":{}}],"line":12}},"s":{"0":13,"1":29,"2":13,"3":16,"4":22,"5":12,"6":4,"7":7,"8":1,"9":7,"10":1,"11":8,"12":1,"13":7,"14":1,"15":1},"f":{"0":13,"1":29,"2":22,"3":7,"4":7,"5":8,"6":7},"b":{"0":[13,16],"1":[12,10]},"_coverageSchema":"1a1c01bbd47fc00a2c39e90264f33305004495a9","hash":"a111bd5226909ee420e1544870ce2d3abada2819"}
,"D:\\Document\\Progamming\\Dicoding\\Back-End Developer Expert\\src\\MathBasic.js": {"path":"D:\\Document\\Progamming\\Dicoding\\Back-End Developer Expert\\src\\MathBasic.js","statementMap":{"0":{"start":{"line":1,"column":18},"end":{"line":38,"column":1}},"1":{"start":{"line":3,"column":8},"end":{"line":5,"column":9}},"2":{"start":{"line":4,"column":12},"end":{"line":4,"column":67}},"3":{"start":{"line":7,"column":23},"end":{"line":7,"column":27}},"4":{"start":{"line":9,"column":8},"end":{"line":11,"column":9}},"5":{"start":{"line":10,"column":12},"end":{"line":10,"column":70}},"6":{"start":{"line":12,"column":8},"end":{"line":12,"column":20}},"7":{"start":{"line":16,"column":23},"end":{"line":16,"column":47}},"8":{"start":{"line":18,"column":8},"end":{"line":18,"column":20}},"9":{"start":{"line":22,"column":23},"end":{"line":22,"column":47}},"10":{"start":{"line":24,"column":8},"end":{"line":24,"column":20}},"11":{"start":{"line":28,"column":23},"end":{"line":28,"column":47}},"12":{"start":{"line":30,"column":8},"end":{"line":30,"column":20}},"13":{"start":{"line":34,"column":23},"end":{"line":34,"column":47}},"14":{"start":{"line":36,"column":8},"end":{"line":36,"column":20}},"15":{"start":{"line":40,"column":0},"end":{"line":40,"column":27}}},"fnMap":{"0":{"name":"(anonymous_0)","decl":{"start":{"line":2,"column":4},"end":{"line":2,"column":5}},"loc":{"start":{"line":2,"column":24},"end":{"line":13,"column":5}},"line":2},"1":{"name":"(anonymous_1)","decl":{"start":{"line":15,"column":4},"end":{"line":15,"column":5}},"loc":{"start":{"line":15,"column":17},"end":{"line":19,"column":5}},"line":15},"2":{"name":"(anonymous_2)","decl":{"start":{"line":21,"column":4},"end":{"line":21,"column":5}},"loc":{"start":{"line":21,"column":22},"end":{"line":25,"column":5}},"line":21},"3":{"name":"(anonymous_3)","decl":{"start":{"line":27,"column":4},"end":{"line":27,"column":5}},"loc":{"start":{"line":27,"column":22},"end":{"line":31,"column":5}},"line":27},"4":{"name":"(anonymous_4)","decl":{"start":{"line":33,"column":4},"end":{"line":33,"column":5}},"loc":{"start":{"line":33,"column":20},"end":{"line":37,"column":5}},"line":33}},"branchMap":{"0":{"loc":{"start":{"line":3,"column":8},"end":{"line":5,"column":9}},"type":"if","locations":[{"start":{"line":3,"column":8},"end":{"line":5,"column":9}},{"start":{},"end":{}}],"line":3},"1":{"loc":{"start":{"line":9,"column":8},"end":{"line":11,"column":9}},"type":"if","locations":[{"start":{"line":9,"column":8},"end":{"line":11,"column":9}},{"start":{},"end":{}}],"line":9},"2":{"loc":{"start":{"line":9,"column":12},"end":{"line":9,"column":58}},"type":"binary-expr","locations":[{"start":{"line":9,"column":12},"end":{"line":9,"column":33}},{"start":{"line":9,"column":37},"end":{"line":9,"column":58}}],"line":9}},"s":{"0":2,"1":47,"2":16,"3":31,"4":31,"5":12,"6":19,"7":13,"8":6,"9":10,"10":3,"11":13,"12":6,"13":11,"14":4,"15":2},"f":{"0":47,"1":13,"2":10,"3":13,"4":11},"b":{"0":[16,31],"1":[12,19],"2":[31,19]},"_coverageSchema":"1a1c01bbd47fc00a2c39e90264f33305004495a9","hash":"50484c77819724b57fb3fc05c3914bda4250fce1"}
}
