TN:
SF:src\FigureCalculator.js
FN:2,(anonymous_0)
FN:6,(anonymous_1)
FN:11,(anonymous_2)
FN:20,(anonymous_3)
FN:26,(anonymous_4)
FN:32,(anonymous_5)
FN:38,(anonymous_6)
FNF:7
FNH:7
FNDA:13,(anonymous_0)
FNDA:29,(anonymous_1)
FNDA:22,(anonymous_2)
FNDA:7,(anonymous_3)
FNDA:7,(anonymous_4)
FNDA:8,(anonymous_5)
FNDA:7,(anonymous_6)
DA:3,13
DA:7,29
DA:8,13
DA:11,16
DA:12,22
DA:13,12
DA:17,4
DA:21,7
DA:23,1
DA:27,7
DA:29,1
DA:33,8
DA:35,1
DA:39,7
DA:41,1
DA:45,1
LF:16
LH:16
BRDA:7,0,0,13
BRDA:7,0,1,16
BRDA:12,1,0,12
BRDA:12,1,1,10
BRF:4
BRH:4
end_of_record
TN:
SF:src\MathBasic.js
FN:2,(anonymous_0)
FN:15,(anonymous_1)
FN:21,(anonymous_2)
FN:27,(anonymous_3)
FN:33,(anonymous_4)
FNF:5
FNH:5
FNDA:47,(anonymous_0)
FNDA:13,(anonymous_1)
FNDA:10,(anonymous_2)
FNDA:13,(anonymous_3)
FNDA:11,(anonymous_4)
DA:1,2
DA:3,47
DA:4,16
DA:7,31
DA:9,31
DA:10,12
DA:12,19
DA:16,13
DA:18,6
DA:22,10
DA:24,3
DA:28,13
DA:30,6
DA:34,11
DA:36,4
DA:40,2
LF:16
LH:16
BRDA:3,0,0,16
BRDA:3,0,1,31
BRDA:9,1,0,12
BRDA:9,1,1,19
BRDA:9,2,0,31
BRDA:9,2,1,19
BRF:6
BRH:6
end_of_record
